2024-11-17T20:54:47.888 [91mERROR[39m :AxiosError: read ECONNRESET
    at AxiosError.from (C:\Users\mendo\OneDrive\Escritorio\claro\GenesysCloud_Extractor-template\node_modules\axios\dist\node\axios.cjs:873:14)
    at RedirectableRequest.handleRequestError (C:\Users\mendo\OneDrive\Escritorio\claro\GenesysCloud_Extractor-template\node_modules\axios\dist\node\axios.cjs:3152:25)
    at RedirectableRequest.emit (node:events:531:35)
    at eventHandlers.<computed> (C:\Users\mendo\OneDrive\Escritorio\claro\GenesysCloud_Extractor-template\node_modules\follow-redirects\index.js:38:24)
    at ClientRequest.emit (node:events:519:28)
    at TLSSocket.socketErrorListener (node:_http_client:492:9)
    at TLSSocket.emit (node:events:519:28)
    at emitErrorNT (node:internal/streams/destroy:169:8)
    at emitErrorCloseNT (node:internal/streams/destroy:128:3)
    at process.processTicksAndRejections (node:internal/process/task_queues:82:21)
    at Axios.request (C:\Users\mendo\OneDrive\Escritorio\claro\GenesysCloud_Extractor-template\node_modules\axios\dist\node\axios.cjs:4262:41)
    at process.processTicksAndRejections (node:internal/process/task_queues:95:5) {
  syscall: 'read',
  code: 'ECONNRESET',
  errno: -4077,
  config: {
    transitional: {
      silentJSONParsing: true,
      forcedJSONParsing: true,
      clarifyTimeoutError: false
    },
    adapter: [ 'xhr', 'http', 'fetch' ],
    transformRequest: [ [Function: transformRequest] ],
    transformResponse: [ [Function: transformResponse] ],
    timeout: 16000,
    xsrfCookieName: 'XSRF-TOKEN',
    xsrfHeaderName: 'X-XSRF-TOKEN',
    maxContentLength: -1,
    maxBodyLength: -1,
    env: { FormData: [Function], Blob: [class Blob] },
    validateStatus: [Function: validateStatus],
    headers: Object [AxiosHeaders] {
      Accept: 'application/json',
      'Content-Type': 'application/json',
      Authorization: 'Bearer Zui71ohhVwWdX38HMMnp6oOwAqUOBv3Z0pqFCtT9xoJwuHfjx3-y6fX8m_P3yvHNyPqQEU3uvrAKHKG15ecNmw',
      'User-Agent': 'axios/1.7.3',
      'Accept-Encoding': 'gzip, compress, deflate, br'
    },
    method: 'get',
    url: 'https://api.cac1.pure.cloud/api/v2/conversations/b9da1cff-49f8-4c20-b764-2c77096df2d4/recordingmetadata',
    params: {},
    data: undefined
  },
  request: <ref *1> Writable {
    _events: {
      close: undefined,
      error: [Function: handleRequestError],
      prefinish: undefined,
      finish: undefined,
      drain: undefined,
      response: [Function: handleResponse],
      socket: [Array],
      timeout: undefined,
      abort: undefined
    },
    _writableState: WritableState {
      highWaterMark: 16384,
      length: 0,
      corked: 0,
      onwrite: [Function: bound onwrite],
      writelen: 0,
      bufferedIndex: 0,
      pendingcb: 0,
      [Symbol(kState)]: 17580812,
      [Symbol(kBufferedValue)]: null
    },
    _maxListeners: undefined,
    _options: {
      maxRedirects: 21,
      maxBodyLength: Infinity,
      protocol: 'https:',
      path: '/api/v2/conversations/b9da1cff-49f8-4c20-b764-2c77096df2d4/recordingmetadata',
      method: 'GET',
      headers: [Object: null prototype],
      agents: [Object],
      auth: undefined,
      family: undefined,
      beforeRedirect: [Function: dispatchBeforeRedirect],
      beforeRedirects: [Object],
      hostname: 'api.cac1.pure.cloud',
      port: '',
      agent: undefined,
      nativeProtocols: [Object],
      pathname: '/api/v2/conversations/b9da1cff-49f8-4c20-b764-2c77096df2d4/recordingmetadata'
    },
    _ended: true,
    _ending: true,
    _redirectCount: 0,
    _redirects: [],
    _requestBodyLength: 0,
    _requestBodyBuffers: [],
    _eventsCount: 3,
    _onNativeResponse: [Function (anonymous)],
    _currentRequest: ClientRequest {
      _events: [Object: null prototype],
      _eventsCount: 7,
      _maxListeners: undefined,
      outputData: [],
      outputSize: 0,
      writable: true,
      destroyed: false,
      _last: true,
      chunkedEncoding: false,
      shouldKeepAlive: true,
      maxRequestsOnConnectionReached: false,
      _defaultKeepAlive: true,
      useChunkedEncodingByDefault: false,
      sendDate: false,
      _removedConnection: false,
      _removedContLen: false,
      _removedTE: false,
      strictContentLength: false,
      _contentLength: 0,
      _hasBody: true,
      _trailer: '',
      finished: true,
      _headerSent: true,
      _closed: false,
      _header: 'GET /api/v2/conversations/b9da1cff-49f8-4c20-b764-2c77096df2d4/recordingmetadata HTTP/1.1\r\n' +
        'Accept: application/json\r\n' +
        'Content-Type: application/json\r\n' +
        'Authorization: Bearer Zui71ohhVwWdX38HMMnp6oOwAqUOBv3Z0pqFCtT9xoJwuHfjx3-y6fX8m_P3yvHNyPqQEU3uvrAKHKG15ecNmw\r\n' +
        'User-Agent: axios/1.7.3\r\n' +
        'Accept-Encoding: gzip, compress, deflate, br\r\n' +
        'Host: api.cac1.pure.cloud\r\n' +
        'Connection: keep-alive\r\n' +
        '\r\n',
      _keepAliveTimeout: 0,
      _onPendingData: [Function: nop],
      agent: [Agent],
      socketPath: undefined,
      method: 'GET',
      maxHeaderSize: undefined,
      insecureHTTPParser: undefined,
      joinDuplicateHeaders: undefined,
      path: '/api/v2/conversations/b9da1cff-49f8-4c20-b764-2c77096df2d4/recordingmetadata',
      _ended: false,
      res: null,
      aborted: false,
      timeoutCb: [Function: emitRequestTimeout],
      upgradeOrConnect: false,
      parser: null,
      maxHeadersCount: null,
      reusedSocket: true,
      host: 'api.cac1.pure.cloud',
      protocol: 'https:',
      _redirectable: [Circular *1],
      [Symbol(shapeMode)]: false,
      [Symbol(kCapture)]: false,
      [Symbol(kBytesWritten)]: 0,
      [Symbol(kNeedDrain)]: false,
      [Symbol(corked)]: 0,
      [Symbol(kChunkedBuffer)]: [],
      [Symbol(kChunkedLength)]: 0,
      [Symbol(kSocket)]: [TLSSocket],
      [Symbol(kOutHeaders)]: [Object: null prototype],
      [Symbol(errored)]: null,
      [Symbol(kHighWaterMark)]: 16384,
      [Symbol(kRejectNonStandardBodyWrites)]: false,
      [Symbol(kUniqueHeaders)]: null
    },
    _currentUrl: 'https://api.cac1.pure.cloud/api/v2/conversations/b9da1cff-49f8-4c20-b764-2c77096df2d4/recordingmetadata',
    _timeout: null,
    [Symbol(shapeMode)]: true,
    [Symbol(kCapture)]: false
  },
  cause: Error: read ECONNRESET
      at TLSWrap.onStreamRead (node:internal/stream_base_commons:217:20) {
    errno: -4077,
    code: 'ECONNRESET',
    syscall: 'read'
  }
}
2024-11-17T20:54:49.703 [33mWARN[39m :[reconectToGenesys] Reconectando cliente de purecloud.
